<?xml version="1.0" encoding="UTF-8"?>
<!-- Generated by org.testng.reporters.JUnitReportReporter -->
<testsuite hostname="LAP0022" name="com.TestCases.Login" tests="1" failures="0" timestamp="2 Aug 2019 06:33:54 GMT" time="59.835" errors="0">
  <testcase name="TC123" time="59.835" classname="com.TestCases.Login"/>
</testsuite> <!-- com.TestCases.Login -->
