<?xml version="1.0" encoding="UTF-8"?>
<!-- Generated by org.testng.reporters.JUnitReportReporter -->
<testsuite hostname="LAP-0028" failures="0" tests="1" name="com.ExecutionTestNG.SuiteExecutionSetup" time="23.717" errors="0" timestamp="2020-01-13T15:59:19 IST" skipped="0">
  <testcase classname="com.ExecutionTestNG.SuiteExecutionSetup" name="LoginSuite" time="23.717"/>
</testsuite> <!-- com.ExecutionTestNG.SuiteExecutionSetup -->
