<?xml version="1.0" encoding="UTF-8"?>
<!-- Generated by org.testng.reporters.JUnitReportReporter -->
<testsuite hostname="LAP0022" name="com.TestCases.TC_Login" tests="2" failures="0" timestamp="11 Sep 2019 07:30:26 GMT" time="0.030" errors="0">
  <testcase name="TC_Login_122" time="0.006" classname="com.TestCases.TC_Login"/>
  <testcase name="TC_Login_123" time="0.024" classname="com.TestCases.TC_Login"/>
</testsuite> <!-- com.TestCases.TC_Login -->
