<?xml version="1.0" encoding="UTF-8"?>
<!-- Generated by org.testng.reporters.JUnitReportReporter -->
<testsuite hostname="LAP0022" name="com.ExecutionTestNG.SuiteExecutionSetup" tests="1" failures="0" timestamp="11 Sep 2019 13:29:09 GMT" time="0.754" errors="0">
  <testcase name="LoginSuite" time="0.754" classname="com.ExecutionTestNG.SuiteExecutionSetup"/>
</testsuite> <!-- com.ExecutionTestNG.SuiteExecutionSetup -->
